2018-06-01 15:00:06.783 [main] INFO  com.alibaba.otter.canal.deployer.CanalLauncher - ## set default uncaught exception handler
2018-06-01 15:00:06.824 [main] INFO  com.alibaba.otter.canal.deployer.CanalLauncher - ## load canal configurations
2018-06-01 15:00:06.824 [main] INFO  com.alibaba.otter.canal.deployer.CanalLauncher - ## start the canal server.
2018-06-01 15:00:06.870 [main] INFO  com.alibaba.otter.canal.deployer.CanalController - ## start the canal server[192.168.0.125:11111]
2018-06-01 15:00:07.616 [main] INFO  com.alibaba.otter.canal.deployer.CanalLauncher - ## the canal server is running now ......
2018-06-01 15:21:28.725 [New I/O server worker #1-2] ERROR c.a.otter.canal.server.netty.handler.SessionHandler - something goes wrong with channel:[id: 0x2dd4aa52, /192.168.5.5:55507 => /192.168.5.5:11111], exception=java.io.IOException: 远程主机强迫关闭了一个现有的连接。
	at sun.nio.ch.SocketDispatcher.read0(Native Method)
	at sun.nio.ch.SocketDispatcher.read(Unknown Source)
	at sun.nio.ch.IOUtil.readIntoNativeBuffer(Unknown Source)
	at sun.nio.ch.IOUtil.read(Unknown Source)
	at sun.nio.ch.SocketChannelImpl.read(Unknown Source)
	at org.jboss.netty.channel.socket.nio.NioWorker.read(NioWorker.java:322)
	at org.jboss.netty.channel.socket.nio.NioWorker.processSelectedKeys(NioWorker.java:281)
	at org.jboss.netty.channel.socket.nio.NioWorker.run(NioWorker.java:201)
	at org.jboss.netty.util.internal.IoWorkerRunnable.run(IoWorkerRunnable.java:46)
	at java.util.concurrent.ThreadPoolExecutor.runWorker(Unknown Source)
	at java.util.concurrent.ThreadPoolExecutor$Worker.run(Unknown Source)
	at java.lang.Thread.run(Unknown Source)

2018-06-01 16:09:42.843 [New I/O server worker #1-3] ERROR c.a.otter.canal.server.netty.handler.SessionHandler - something goes wrong with channel:[id: 0x22b62c55, /192.168.5.5:61098 => /192.168.5.5:11111], exception=java.io.IOException: 远程主机强迫关闭了一个现有的连接。
	at sun.nio.ch.SocketDispatcher.read0(Native Method)
	at sun.nio.ch.SocketDispatcher.read(Unknown Source)
	at sun.nio.ch.IOUtil.readIntoNativeBuffer(Unknown Source)
	at sun.nio.ch.IOUtil.read(Unknown Source)
	at sun.nio.ch.SocketChannelImpl.read(Unknown Source)
	at org.jboss.netty.channel.socket.nio.NioWorker.read(NioWorker.java:322)
	at org.jboss.netty.channel.socket.nio.NioWorker.processSelectedKeys(NioWorker.java:281)
	at org.jboss.netty.channel.socket.nio.NioWorker.run(NioWorker.java:201)
	at org.jboss.netty.util.internal.IoWorkerRunnable.run(IoWorkerRunnable.java:46)
	at java.util.concurrent.ThreadPoolExecutor.runWorker(Unknown Source)
	at java.util.concurrent.ThreadPoolExecutor$Worker.run(Unknown Source)
	at java.lang.Thread.run(Unknown Source)

2018-06-01 16:19:10.054 [New I/O server worker #1-4] ERROR c.a.otter.canal.server.netty.handler.SessionHandler - something goes wrong with channel:[id: 0x2b52e958, /192.168.5.5:62241 => /192.168.5.5:11111], exception=java.io.IOException: 远程主机强迫关闭了一个现有的连接。
	at sun.nio.ch.SocketDispatcher.read0(Native Method)
	at sun.nio.ch.SocketDispatcher.read(Unknown Source)
	at sun.nio.ch.IOUtil.readIntoNativeBuffer(Unknown Source)
	at sun.nio.ch.IOUtil.read(Unknown Source)
	at sun.nio.ch.SocketChannelImpl.read(Unknown Source)
	at org.jboss.netty.channel.socket.nio.NioWorker.read(NioWorker.java:322)
	at org.jboss.netty.channel.socket.nio.NioWorker.processSelectedKeys(NioWorker.java:281)
	at org.jboss.netty.channel.socket.nio.NioWorker.run(NioWorker.java:201)
	at org.jboss.netty.util.internal.IoWorkerRunnable.run(IoWorkerRunnable.java:46)
	at java.util.concurrent.ThreadPoolExecutor.runWorker(Unknown Source)
	at java.util.concurrent.ThreadPoolExecutor$Worker.run(Unknown Source)
	at java.lang.Thread.run(Unknown Source)

2018-06-01 16:19:57.168 [New I/O server worker #1-5] ERROR c.a.otter.canal.server.netty.handler.SessionHandler - something goes wrong with channel:[id: 0x1283b1cd, /192.168.5.5:62329 => /192.168.5.5:11111], exception=java.io.IOException: 远程主机强迫关闭了一个现有的连接。
	at sun.nio.ch.SocketDispatcher.read0(Native Method)
	at sun.nio.ch.SocketDispatcher.read(Unknown Source)
	at sun.nio.ch.IOUtil.readIntoNativeBuffer(Unknown Source)
	at sun.nio.ch.IOUtil.read(Unknown Source)
	at sun.nio.ch.SocketChannelImpl.read(Unknown Source)
	at org.jboss.netty.channel.socket.nio.NioWorker.read(NioWorker.java:322)
	at org.jboss.netty.channel.socket.nio.NioWorker.processSelectedKeys(NioWorker.java:281)
	at org.jboss.netty.channel.socket.nio.NioWorker.run(NioWorker.java:201)
	at org.jboss.netty.util.internal.IoWorkerRunnable.run(IoWorkerRunnable.java:46)
	at java.util.concurrent.ThreadPoolExecutor.runWorker(Unknown Source)
	at java.util.concurrent.ThreadPoolExecutor$Worker.run(Unknown Source)
	at java.lang.Thread.run(Unknown Source)

